<?xml version="1.0" encoding="UTF-8"?>
<!-- Generated by org.testng.reporters.JUnitReportReporter -->
<testsuite hostname="Nataliyas-MacBook-Pro-2.local" failures="0" tests="1" name="tests.SearchFlightTest" time="25.329" errors="0" timestamp="2020-01-06T15:18:12 EST" skipped="0">
  <testcase classname="tests.SearchFlightTest" name="checkDestination" time="25.329"/>
  <system-out/>
</testsuite> <!-- tests.SearchFlightTest -->
